INFO:: Starting Data Quality Assesment process
INFO:: Configuration file loaded

INFO:: #########################################
INFO:: # CDMB version: 1.3.6
INFO:: # ASPIRE version: 1.2.3
INFO:: # PIPELINE version: 1.1.1
INFO:: #########################################

INFO:: Trying to connect to the database ...
INFO:: "patient_cohort" entity contains 10000 records

Summarize dataset:   0%|          | 0/5 [00:00<?, ?it/s]
Summarize dataset:   0%|          | 0/55 [00:00<?, ?it/s, Describe variable:hospital_st]
Summarize dataset:   2%|▏         | 1/55 [00:00<00:03, 15.72it/s, Describe variable:surgical_procedure_bl]
Summarize dataset:   4%|▎         | 2/55 [00:00<00:01, 31.33it/s, Describe variable:sex_cd]               
Summarize dataset:   5%|▌         | 3/55 [00:00<00:01, 30.44it/s, Describe variable:residence_area_cd]
Summarize dataset:   7%|▋         | 4/55 [00:00<00:01, 40.53it/s, Describe variable:socecon_lvl_cd]   
Summarize dataset:   9%|▉         | 5/55 [00:00<00:01, 48.69it/s, Describe variable:socecon_lvl_cd]
Summarize dataset:   9%|▉         | 5/55 [00:00<00:01, 48.69it/s, Describe variable:country_cd]    
Summarize dataset:  11%|█         | 6/55 [00:00<00:01, 48.69it/s, Describe variable:patient_id]
Summarize dataset:  13%|█▎        | 7/55 [00:00<00:00, 48.69it/s, Describe variable:age_nm]    
Summarize dataset:  15%|█▍        | 8/55 [00:00<00:00, 48.69it/s, Describe variable:hospital_admission_dt]
Summarize dataset:  16%|█▋        | 9/55 [00:00<00:00, 48.69it/s, Describe variable:hospital_discharge_type_cd]
Summarize dataset:  18%|█▊        | 10/55 [00:00<00:00, 48.69it/s, Describe variable:unplanned_readmission_7d_bl]
Summarize dataset:  20%|██        | 11/55 [00:00<00:00, 48.69it/s, Describe variable:anticoagulant_status_bl]    
Summarize dataset:  22%|██▏       | 12/55 [00:00<00:00, 48.69it/s, Describe variable:icu_admission_bl]       
Summarize dataset:  24%|██▎       | 13/55 [00:00<00:00, 48.69it/s, Describe variable:antiaggregant_status_bl]
Summarize dataset:  25%|██▌       | 14/55 [00:00<00:00, 48.69it/s, Describe variable:exitus_bl]              
Summarize dataset:  27%|██▋       | 15/55 [00:00<00:00, 48.69it/s, Describe variable:main_diagnosis_cd]
Summarize dataset:  29%|██▉       | 16/55 [00:00<00:00, 48.69it/s, Describe variable:hospital_discharge_dt]
Summarize dataset:  31%|███       | 17/55 [00:00<00:00, 48.69it/s, Describe variable:tobacco_copd_bl]      
Summarize dataset:  33%|███▎      | 18/55 [00:00<00:00, 48.69it/s, Describe variable:anesthesia_type_cd]
Summarize dataset:  35%|███▍      | 19/55 [00:00<00:00, 48.69it/s, Describe variable:unplanned_readmission_30d_bl]
Summarize dataset:  36%|███▋      | 20/55 [00:00<00:00, 48.69it/s, Describe variable:chronic_kidney_disease_bl]   
Summarize dataset:  38%|███▊      | 21/55 [00:00<00:00, 106.26it/s, Describe variable:chronic_kidney_disease_bl]
Summarize dataset:  38%|███▊      | 21/55 [00:00<00:00, 106.26it/s, Describe variable:hospitalization_episode_id]
Summarize dataset:  40%|████      | 22/55 [00:00<00:00, 106.26it/s, Describe variable:serious_mental_illness_bl] 
Summarize dataset:  42%|████▏     | 23/55 [00:00<00:00, 106.26it/s, Describe variable:depression_bl]            
Summarize dataset:  44%|████▎     | 24/55 [00:00<00:00, 106.26it/s, Describe variable:alcohol_abuse_bl]
Summarize dataset:  45%|████▌     | 25/55 [00:00<00:00, 106.26it/s, Describe variable:diabetes_bl]     
Summarize dataset:  47%|████▋     | 26/55 [00:00<00:00, 106.26it/s, Describe variable:surgical_procedure_dt]
Summarize dataset:  49%|████▉     | 27/55 [00:00<00:00, 106.26it/s, Describe variable:dementia_bl]          
Summarize dataset:  51%|█████     | 28/55 [00:00<00:00, 106.26it/s, Describe variable:liver_disease_bl]
Summarize dataset:  53%|█████▎    | 29/55 [00:00<00:00, 106.26it/s, Describe variable:surgical_procedure_cd]
Summarize dataset:  55%|█████▍    | 30/55 [00:00<00:00, 106.26it/s, Describe variable:obesity_overweight_bl]
Summarize dataset:  56%|█████▋    | 31/55 [00:00<00:00, 106.26it/s, Describe variable:pancreatic_disease_bl]
Summarize dataset:  58%|█████▊    | 32/55 [00:00<00:00, 106.26it/s, Describe variable:seizure_disorder_convulsions_bl]
Summarize dataset:  60%|██████    | 33/55 [00:00<00:00, 106.26it/s, Describe variable:inflamatory_bowel_disease_bl]   
Summarize dataset:  62%|██████▏   | 34/55 [00:00<00:00, 106.26it/s, Describe variable:osteoporosis_osteopenia_bl]  
Summarize dataset:  64%|██████▎   | 35/55 [00:00<00:00, 106.26it/s, Describe variable:spinal_cord_disease_injury_bl]
Summarize dataset:  65%|██████▌   | 36/55 [00:00<00:00, 106.26it/s, Describe variable:parkinson_huntington_diseases_bl]
Summarize dataset:  67%|██████▋   | 37/55 [00:00<00:00, 106.26it/s, Describe variable:traumatic_brain_injury_bl]       
Summarize dataset:  69%|██████▉   | 38/55 [00:00<00:00, 106.26it/s, Describe variable:icu_discharge_dt]         
Summarize dataset:  71%|███████   | 39/55 [00:00<00:00, 106.26it/s, Describe variable:cerebrovascular_disease_bl]
Summarize dataset:  73%|███████▎  | 40/55 [00:00<00:00, 106.26it/s, Describe variable:rheumatology_disease_bl]   
Summarize dataset:  75%|███████▍  | 41/55 [00:00<00:00, 106.26it/s, Describe variable:peripheral_vascular_disease_bl]
Summarize dataset:  76%|███████▋  | 42/55 [00:00<00:00, 106.26it/s, Describe variable:serious_neurological_disease_bl]
Summarize dataset:  78%|███████▊  | 43/55 [00:00<00:00, 106.26it/s, Describe variable:icu_admission_dt]               
Summarize dataset:  80%|████████  | 44/55 [00:00<00:00, 106.26it/s, Describe variable:amputee_bl]      
Summarize dataset:  82%|████████▏ | 45/55 [00:00<00:00, 106.26it/s, Describe variable:coronary_artery_disease_bl]
Summarize dataset:  84%|████████▎ | 46/55 [00:00<00:00, 106.26it/s, Describe variable:hospital_admission_type_cd]
Summarize dataset:  85%|████████▌ | 47/55 [00:00<00:00, 106.26it/s, Describe variable:previous_hospital_admission_bl]
Summarize dataset:  87%|████████▋ | 48/55 [00:00<00:00, 106.26it/s, Describe variable:congestive_heart_failure_bl]   
Summarize dataset:  89%|████████▉ | 49/55 [00:00<00:00, 106.26it/s, Describe variable:exitus_dt]                  
Summarize dataset:  91%|█████████ | 50/55 [00:00<00:00, 106.26it/s, Get variable types]         
Summarize dataset:  91%|█████████ | 51/56 [00:00<00:00, 106.26it/s, Get dataframe statistics]
Summarize dataset:  93%|█████████▎| 52/56 [00:00<00:00, 106.26it/s, Get scatter matrix]      
Summarize dataset:  93%|█████████▎| 52/56 [00:00<00:00, 106.26it/s, Take sample]       
Summarize dataset:  95%|█████████▍| 53/56 [00:00<00:00, 106.26it/s, Detecting duplicates]
Summarize dataset:  96%|█████████▋| 54/56 [00:00<00:00, 106.26it/s, Get alerts]          
Summarize dataset:  98%|█████████▊| 55/56 [00:00<00:00, 106.26it/s, Get reproduction details]
Summarize dataset: 100%|██████████| 56/56 [00:00<00:00, 106.26it/s, Completed]               
Summarize dataset: 100%|██████████| 56/56 [00:00<00:00, 187.65it/s, Completed]

Generate report structure:   0%|          | 0/1 [00:00<?, ?it/s]
Generate report structure: 100%|██████████| 1/1 [00:06<00:00,  6.55s/it]
Generate report structure: 100%|██████████| 1/1 [00:06<00:00,  6.55s/it]

Render HTML:   0%|          | 0/1 [00:00<?, ?it/s]
Render HTML: 100%|██████████| 1/1 [00:00<00:00,  2.10it/s]
Render HTML: 100%|██████████| 1/1 [00:00<00:00,  2.10it/s]

Export report to file:   0%|          | 0/1 [00:00<?, ?it/s]
Export report to file: 100%|██████████| 1/1 [00:00<00:00, 812.06it/s]

Render JSON:   0%|          | 0/1 [00:00<?, ?it/s]
Render JSON: 100%|██████████| 1/1 [00:00<00:00,  3.99it/s]
Render JSON: 100%|██████████| 1/1 [00:00<00:00,  3.99it/s]

Export report to file:   0%|          | 0/1 [00:00<?, ?it/s]
Export report to file: 100%|██████████| 1/1 [00:00<00:00, 319.91it/s]
INFO:: "outpatient_prescription" entity contains 175196 records

Summarize dataset:   0%|          | 0/5 [00:00<?, ?it/s]
Summarize dataset:   0%|          | 0/9 [00:00<?, ?it/s, Describe variable:prescription_atc_cd]
Summarize dataset:  11%|█         | 1/9 [00:00<00:00,  9.74it/s, Describe variable:prescription_atc_cd]
Summarize dataset:  11%|█         | 1/9 [00:00<00:00,  9.74it/s, Describe variable:patient_id]         
Summarize dataset:  22%|██▏       | 2/9 [00:00<00:00,  9.74it/s, Describe variable:prescription_start_dt]
Summarize dataset:  33%|███▎      | 3/9 [00:00<00:00,  9.74it/s, Describe variable:prescription_end_dt]  
Summarize dataset:  44%|████▍     | 4/9 [00:00<00:00,  9.74it/s, Get variable types]                   
Summarize dataset:  50%|█████     | 5/10 [00:00<00:00,  9.74it/s, Get dataframe statistics]
Summarize dataset:  60%|██████    | 6/10 [00:00<00:00,  9.74it/s, Get scatter matrix]      
Summarize dataset:  60%|██████    | 6/10 [00:00<00:00,  9.74it/s, Take sample]       
Summarize dataset:  70%|███████   | 7/10 [00:00<00:00,  9.74it/s, Detecting duplicates]
Summarize dataset:  80%|████████  | 8/10 [00:00<00:00,  9.74it/s, Get alerts]          
Summarize dataset:  90%|█████████ | 9/10 [00:00<00:00,  9.74it/s, Get reproduction details]
Summarize dataset: 100%|██████████| 10/10 [00:00<00:00,  9.74it/s, Completed]              
Summarize dataset: 100%|██████████| 10/10 [00:00<00:00, 72.01it/s, Completed]

Generate report structure:   0%|          | 0/1 [00:00<?, ?it/s]
Generate report structure: 100%|██████████| 1/1 [00:00<00:00,  1.63it/s]
Generate report structure: 100%|██████████| 1/1 [00:00<00:00,  1.63it/s]

Render HTML:   0%|          | 0/1 [00:00<?, ?it/s]
Render HTML: 100%|██████████| 1/1 [00:00<00:00, 16.78it/s]

Export report to file:   0%|          | 0/1 [00:00<?, ?it/s]
Export report to file: 100%|██████████| 1/1 [00:00<00:00, 1757.14it/s]

Render JSON:   0%|          | 0/1 [00:00<?, ?it/s]
Render JSON: 100%|██████████| 1/1 [00:00<00:00,  9.49it/s]
Render JSON: 100%|██████████| 1/1 [00:00<00:00,  9.47it/s]

Export report to file:   0%|          | 0/1 [00:00<?, ?it/s]
Export report to file: 100%|██████████| 1/1 [00:00<00:00, 849.91it/s]
INFO:: "post_index_hospital_episode" entity contains 34704 records

Summarize dataset:   0%|          | 0/5 [00:00<?, ?it/s]
Summarize dataset:   0%|          | 0/10 [00:00<?, ?it/s, Describe variable:post_index_hospital_admission_dt]
Summarize dataset:  10%|█         | 1/10 [00:00<00:00, 23.69it/s, Describe variable:post_index_hospital_discharge_dt]
Summarize dataset:  20%|██        | 2/10 [00:00<00:00, 42.70it/s, Describe variable:post_index_main_diagnosis_cd]    
Summarize dataset:  30%|███       | 3/10 [00:00<00:00, 51.17it/s, Describe variable:patient_id]                  
Summarize dataset:  40%|████      | 4/10 [00:00<00:00, 62.18it/s, Describe variable:post_index_hospitalization_episode_id]
Summarize dataset:  50%|█████     | 5/10 [00:00<00:00, 75.81it/s, Get variable types]                                     
Summarize dataset:  55%|█████▍    | 6/11 [00:00<00:00, 90.66it/s, Get dataframe statistics]
Summarize dataset:  64%|██████▎   | 7/11 [00:00<00:00, 104.56it/s, Get scatter matrix]     
Summarize dataset:  64%|██████▎   | 7/11 [00:00<00:00, 104.40it/s, Take sample]       
Summarize dataset:  73%|███████▎  | 8/11 [00:00<00:00, 119.18it/s, Detecting duplicates]
Summarize dataset:  82%|████████▏ | 9/11 [00:00<00:00, 133.92it/s, Get alerts]          
Summarize dataset:  91%|█████████ | 10/11 [00:00<00:00, 148.56it/s, Get reproduction details]
Summarize dataset: 100%|██████████| 11/11 [00:00<00:00, 162.11it/s, Completed]               
Summarize dataset: 100%|██████████| 11/11 [00:00<00:00, 161.88it/s, Completed]

Generate report structure:   0%|          | 0/1 [00:00<?, ?it/s]
Generate report structure: 100%|██████████| 1/1 [00:00<00:00,  1.62it/s]
Generate report structure: 100%|██████████| 1/1 [00:00<00:00,  1.62it/s]

Render HTML:   0%|          | 0/1 [00:00<?, ?it/s]
Render HTML: 100%|██████████| 1/1 [00:00<00:00, 12.54it/s]

Export report to file:   0%|          | 0/1 [00:00<?, ?it/s]
Export report to file: 100%|██████████| 1/1 [00:00<00:00, 1139.45it/s]

Render JSON:   0%|          | 0/1 [00:00<?, ?it/s]
Render JSON: 100%|██████████| 1/1 [00:00<00:00,  4.49it/s]
Render JSON: 100%|██████████| 1/1 [00:00<00:00,  4.49it/s]

Export report to file:   0%|          | 0/1 [00:00<?, ?it/s]
Export report to file: 100%|██████████| 1/1 [00:00<00:00, 397.90it/s]
